<?xml version="1.0" encoding="UTF-8"?>
<testsuite xmlns:xsi="http://www.w3.org/2001/XMLSchema-instance" xsi:noNamespaceSchemaLocation="https://maven.apache.org/surefire/maven-surefire-plugin/xsd/surefire-test-report-3.0.xsd" version="3.0" name="com.automation.tests.SampleLoginTestTest" time="18.823" tests="1" errors="0" skipped="0" failures="1">
  <properties>
[...]
</properties>
  <testcase name="testSampleLoginTest" classname="com.automation.tests.SampleLoginTestTest" time="12.311">
    <failure message="Error {&#10;  message=&apos;Timeout 5000ms exceeded.&#10;  name=&apos;TimeoutError&#10;  stack=&apos;TimeoutError: Timeout 5000ms exceeded.&#10;    at ProgressController.run (C:\Users\193704\AppData\Local\Temp\playwright-java-4598477838628068337\package\lib\server\progress.js:68:28)&#10;    at FrameDispatcher._runCommand (C:\Users\193704\AppData\Local\Temp\playwright-java-4598477838628068337\package\lib\server\dispatchers\dispatcher.js:95:31)&#10;    at DispatcherConnection.dispatch (C:\Users\193704\AppData\Local\Temp\playwright-java-4598477838628068337\package\lib\server\dispatchers\dispatcher.js:329:39)&#10;}&#10;Call log:&#10;-   - waiting for locator(&quot;img[alt*=\&quot;Google\&quot;], img[alt*=\&quot;logo\&quot;]&quot;).first() to be visible&#10;" type="com.microsoft.playwright.TimeoutError"><![CDATA[com.microsoft.playwright.TimeoutError: 
Error {
  message='Timeout 5000ms exceeded.
  name='TimeoutError
  stack='TimeoutError: Timeout 5000ms exceeded.
    at ProgressController.run (C:\Users\193704\AppData\Local\Temp\playwright-java-4598477838628068337\package\lib\server\progress.js:68:28)
    at FrameDispatcher._runCommand (C:\Users\193704\AppData\Local\Temp\playwright-java-4598477838628068337\package\lib\server\dispatchers\dispatcher.js:95:31)
    at DispatcherConnection.dispatch (C:\Users\193704\AppData\Local\Temp\playwright-java-4598477838628068337\package\lib\server\dispatchers\dispatcher.js:329:39)
}
Call log:
-   - waiting for locator("img[alt*=\"Google\"], img[alt*=\"logo\"]").first() to be visible

	at com.microsoft.playwright.impl.WaitableResult.get(WaitableResult.java:52)
	at com.microsoft.playwright.impl.ChannelOwner.runUntil(ChannelOwner.java:138)
	at com.microsoft.playwright.impl.Connection.sendMessage(Connection.java:131)
	at com.microsoft.playwright.impl.ChannelOwner.sendMessage(ChannelOwner.java:124)
	at com.microsoft.playwright.impl.FrameImpl.waitForSelectorImpl(FrameImpl.java:985)
	at com.microsoft.playwright.impl.LocatorImpl.waitFor(LocatorImpl.java:625)
	at com.automation.pages.SampleLoginTestPage.step3(SampleLoginTestPage.java:26)
	at com.automation.tests.SampleLoginTestTest.testSampleLoginTest(SampleLoginTestTest.java:21)
	at java.base/jdk.internal.reflect.DirectMethodHandleAccessor.invoke(DirectMethodHandleAccessor.java:103)
	at java.base/java.lang.reflect.Method.invoke(Method.java:580)
	at org.testng.internal.invokers.MethodInvocationHelper.invokeMethod(MethodInvocationHelper.java:141)
	at org.testng.internal.invokers.TestInvoker.invokeMethod(TestInvoker.java:686)
	at org.testng.internal.invokers.TestInvoker.invokeTestMethod(TestInvoker.java:230)
	at org.testng.internal.invokers.MethodRunner.runInSequence(MethodRunner.java:63)
	at org.testng.internal.invokers.TestInvoker$MethodInvocationAgent.invoke(TestInvoker.java:992)
	at org.testng.internal.invokers.TestInvoker.invokeTestMethods(TestInvoker.java:203)
	at org.testng.internal.invokers.TestMethodWorker.invokeTestMethods(TestMethodWorker.java:154)
	at org.testng.internal.invokers.TestMethodWorker.run(TestMethodWorker.java:134)
	at java.base/java.util.ArrayList.forEach(ArrayList.java:1596)
	at org.testng.TestRunner.privateRun(TestRunner.java:739)
	at org.testng.TestRunner.run(TestRunner.java:614)
	at org.testng.SuiteRunner.runTest(SuiteRunner.java:421)
	at org.testng.SuiteRunner.runSequentially(SuiteRunner.java:413)
	at org.testng.SuiteRunner.privateRun(SuiteRunner.java:373)
	at org.testng.SuiteRunner.run(SuiteRunner.java:312)
	at org.testng.SuiteRunnerWorker.runSuite(SuiteRunnerWorker.java:52)
	at org.testng.SuiteRunnerWorker.run(SuiteRunnerWorker.java:95)
	at org.testng.TestNG.runSuitesSequentially(TestNG.java:1274)
	at org.testng.TestNG.runSuitesLocally(TestNG.java:1208)
	at org.testng.TestNG.runSuites(TestNG.java:1112)
	at org.testng.TestNG.run(TestNG.java:1079)
	at org.apache.maven.surefire.testng.TestNGExecutor.run(TestNGExecutor.java:155)
	at org.apache.maven.surefire.testng.TestNGDirectoryTestSuite.executeSingleClass(TestNGDirectoryTestSuite.java:102)
	at org.apache.maven.surefire.testng.TestNGDirectoryTestSuite.execute(TestNGDirectoryTestSuite.java:91)
	at org.apache.maven.surefire.testng.TestNGProvider.invoke(TestNGProvider.java:137)
	at org.apache.maven.surefire.booter.ForkedBooter.runSuitesInProcess(ForkedBooter.java:385)
	at org.apache.maven.surefire.booter.ForkedBooter.execute(ForkedBooter.java:162)
	at org.apache.maven.surefire.booter.ForkedBooter.run(ForkedBooter.java:507)
	at org.apache.maven.surefire.booter.ForkedBooter.main(ForkedBooter.java:495)
Caused by: com.microsoft.playwright.TimeoutError: Error {
  message='Timeout 5000ms exceeded.
  name='TimeoutError
  stack='TimeoutError: Timeout 5000ms exceeded.
    at ProgressController.run (C:\Users\193704\AppData\Local\Temp\playwright-java-4598477838628068337\package\lib\server\progress.js:68:28)
    at FrameDispatcher._runCommand (C:\Users\193704\AppData\Local\Temp\playwright-java-4598477838628068337\package\lib\server\dispatchers\dispatcher.js:95:31)
    at DispatcherConnection.dispatch (C:\Users\193704\AppData\Local\Temp\playwright-java-4598477838628068337\package\lib\server\dispatchers\dispatcher.js:329:39)
}
Call log:
-   - waiting for locator("img[alt*=\"Google\"], img[alt*=\"logo\"]").first() to be visible

	at com.microsoft.playwright.impl.Connection.dispatch(Connection.java:257)
	at com.microsoft.playwright.impl.Connection.processOneMessage(Connection.java:214)
	at com.microsoft.playwright.impl.ChannelOwner.runUntil(ChannelOwner.java:136)
	... 37 more
]]></failure>
    <system-out><![CDATA[04:15:57.384 [main] INFO com.automation.base.BaseTestManager -- Initializing Playwright browser: chromium
04:16:02.040 [main] INFO com.automation.base.BaseTestManager -- Browser initialized successfully
✨ Starting Sample Login Test
🌐 Navigating to: https://www.google.com
🌐 Navigating to: https://www.google.com
📍 Navigate to https://www.google.com
📍 navigate to Google homepage
📍 verify Google logo is visible
]]></system-out>
  </testcase>
</testsuite>