<?xml version="1.0" encoding="UTF-8"?>
<!-- Generated by org.testng.reporters.JUnitXMLReporter -->
<testsuite ignored="0" hostname="LTIN439372" failures="0" tests="5" name="Surefire test" time="27.877" errors="0" timestamp="2026-06-24T18:53:08 IST">
  <testcase classname="com.automation.tests.SampleApiTest" name="createPost_returnsCreatedResource" time="1.282"/>
  <testcase classname="com.automation.tests.SampleApiTest" name="deletePost_succeeds" time="1.06"/>
  <testcase classname="com.automation.tests.SampleApiTest" name="getPostsByUser_returnsFilteredList" time="0.734"/>
  <testcase classname="com.automation.tests.SampleApiTest" name="getSinglePost_returnsExpectedPost" time="0.302"/>
  <testcase classname="com.automation.tests.SampleApiTest" name="updatePost_returnsUpdatedResource" time="0.938"/>
</testsuite> <!-- Surefire test -->
