<?xml version="1.0" encoding="UTF-8"?>
<testng-results ignored="0" total="5" passed="5" failed="0" skipped="0">
  <reporter-output>
  </reporter-output>
  <suite started-at="2026-06-24T18:52:40 IST" name="Surefire suite" finished-at="2026-06-24T18:53:08 IST" duration-ms="27877">
    <groups>
    </groups>
    <test started-at="2026-06-24T18:52:40 IST" name="Surefire test" finished-at="2026-06-24T18:53:08 IST" duration-ms="27877">
      <class name="com.automation.tests.SampleApiTest">
        <test-method is-config="true" signature="setUp()[pri:0, instance:com.automation.tests.SampleApiTest@2a8448fa]" started-at="2026-06-24T18:52:40 IST" name="setUp" finished-at="2026-06-24T18:53:03 IST" duration-ms="22462" status="PASS">
          <reporter-output>
          </reporter-output>
        </test-method> <!-- setUp -->
        <test-method signature="createPost_returnsCreatedResource()[pri:0, instance:com.automation.tests.SampleApiTest@2a8448fa]" started-at="2026-06-24T18:53:03 IST" name="createPost_returnsCreatedResource" description="POST /posts should create a resource and echo back the payload with a new id" finished-at="2026-06-24T18:53:04 IST" duration-ms="1282" status="PASS">
          <reporter-output>
          </reporter-output>
        </test-method> <!-- createPost_returnsCreatedResource -->
        <test-method signature="deletePost_succeeds()[pri:0, instance:com.automation.tests.SampleApiTest@2a8448fa]" started-at="2026-06-24T18:53:04 IST" name="deletePost_succeeds" description="DELETE /posts/1 should succeed" finished-at="2026-06-24T18:53:05 IST" duration-ms="1060" status="PASS">
          <reporter-output>
          </reporter-output>
        </test-method> <!-- deletePost_succeeds -->
        <test-method signature="getPostsByUser_returnsFilteredList()[pri:0, instance:com.automation.tests.SampleApiTest@2a8448fa]" started-at="2026-06-24T18:53:05 IST" name="getPostsByUser_returnsFilteredList" description="GET /posts with a userId query parameter should return only that user&#039;s posts" finished-at="2026-06-24T18:53:06 IST" duration-ms="734" status="PASS">
          <reporter-output>
          </reporter-output>
        </test-method> <!-- getPostsByUser_returnsFilteredList -->
        <test-method signature="getSinglePost_returnsExpectedPost()[pri:0, instance:com.automation.tests.SampleApiTest@2a8448fa]" started-at="2026-06-24T18:53:06 IST" name="getSinglePost_returnsExpectedPost" description="GET /posts/1 should return a single post with the expected schema" finished-at="2026-06-24T18:53:06 IST" duration-ms="302" status="PASS">
          <reporter-output>
          </reporter-output>
        </test-method> <!-- getSinglePost_returnsExpectedPost -->
        <test-method signature="updatePost_returnsUpdatedResource()[pri:0, instance:com.automation.tests.SampleApiTest@2a8448fa]" started-at="2026-06-24T18:53:06 IST" name="updatePost_returnsUpdatedResource" description="PUT /posts/1 should update an existing resource" finished-at="2026-06-24T18:53:07 IST" duration-ms="938" status="PASS">
          <reporter-output>
          </reporter-output>
        </test-method> <!-- updatePost_returnsUpdatedResource -->
        <test-method is-config="true" signature="tearDown()[pri:0, instance:com.automation.tests.SampleApiTest@2a8448fa]" started-at="2026-06-24T18:53:07 IST" name="tearDown" finished-at="2026-06-24T18:53:08 IST" duration-ms="469" status="PASS">
          <reporter-output>
          </reporter-output>
        </test-method> <!-- tearDown -->
      </class> <!-- com.automation.tests.SampleApiTest -->
    </test> <!-- Surefire test -->
  </suite> <!-- Surefire suite -->
</testng-results>
