<?xml version="1.0" encoding="UTF-8"?>
<testsuite xmlns:xsi="http://www.w3.org/2001/XMLSchema-instance" xsi:noNamespaceSchemaLocation="https://maven.apache.org/surefire/maven-surefire-plugin/xsd/surefire-test-report-3.0.xsd" version="3.0" name="com.automation.tests.SampleApiTest" time="29.011" tests="5" errors="0" skipped="0" failures="0">
  <properties>
[...]
</properties>
  <testcase name="createPost_returnsCreatedResource" classname="com.automation.tests.SampleApiTest" time="1.837">
    <system-out><![CDATA[18:52:40.592 [main] INFO com.automation.tests.SampleApiTest -- Setting up API client for base URL: https://jsonplaceholder.typicode.com
18:53:03.028 [main] INFO com.automation.utils.ApiUtils -- ApiUtils initialized against base URL: https://jsonplaceholder.typicode.com
18:53:03.163 [main] INFO com.automation.utils.ApiUtils -- POST https://jsonplaceholder.typicode.com/posts
18:53:04.241 [main] INFO com.automation.utils.ApiUtils -- POST /posts -> 201 Created
]]></system-out>
  </testcase>
  <testcase name="deletePost_succeeds" classname="com.automation.tests.SampleApiTest" time="1.03">
    <system-out><![CDATA[18:53:04.881 [main] INFO com.automation.utils.ApiUtils -- DELETE https://jsonplaceholder.typicode.com/posts/1
18:53:05.937 [main] INFO com.automation.utils.ApiUtils -- DELETE /posts/1 -> 200 OK
]]></system-out>
  </testcase>
  <testcase name="getPostsByUser_returnsFilteredList" classname="com.automation.tests.SampleApiTest" time="0.735">
    <system-out><![CDATA[18:53:05.948 [main] INFO com.automation.utils.ApiUtils -- GET https://jsonplaceholder.typicode.com/posts params={userId=1}
18:53:06.669 [main] INFO com.automation.utils.ApiUtils -- GET /posts -> 200 OK
]]></system-out>
  </testcase>
  <testcase name="getSinglePost_returnsExpectedPost" classname="com.automation.tests.SampleApiTest" time="0.304">
    <system-out><![CDATA[18:53:06.686 [main] INFO com.automation.utils.ApiUtils -- GET https://jsonplaceholder.typicode.com/posts/1 params=null
18:53:06.981 [main] INFO com.automation.utils.ApiUtils -- GET /posts/1 -> 200 OK
]]></system-out>
  </testcase>
  <testcase name="updatePost_returnsUpdatedResource" classname="com.automation.tests.SampleApiTest" time="0.939">
    <system-out><![CDATA[18:53:06.991 [main] INFO com.automation.utils.ApiUtils -- PUT https://jsonplaceholder.typicode.com/posts/1
18:53:07.926 [main] INFO com.automation.utils.ApiUtils -- PUT /posts/1 -> 200 OK
]]></system-out>
  </testcase>
</testsuite>