<?xml version="1.0" encoding="UTF-8"?>
<!-- Generated by org.testng.reporters.JUnitReportReporter -->
<testsuite hostname="LTIN439372" failures="0" tests="5" name="com.automation.tests.SampleApiTest" time="4.316" errors="0" timestamp="2026-06-24T18:53:08 IST" skipped="0">
  <testcase classname="com.automation.tests.SampleApiTest" name="createPost_returnsCreatedResource" time="1.282"/>
  <testcase classname="com.automation.tests.SampleApiTest" name="deletePost_succeeds" time="1.060"/>
  <testcase classname="com.automation.tests.SampleApiTest" name="getSinglePost_returnsExpectedPost" time="0.302"/>
  <testcase classname="com.automation.tests.SampleApiTest" name="updatePost_returnsUpdatedResource" time="0.938"/>
  <testcase classname="com.automation.tests.SampleApiTest" name="getPostsByUser_returnsFilteredList" time="0.734"/>
</testsuite> <!-- com.automation.tests.SampleApiTest -->
