<?xml version="1.0" encoding="UTF-8"?>
<!-- Generated by org.testng.reporters.JUnitXMLReporter -->
<testsuite ignored="0" hostname="LTIN503525" failures="1" tests="1" name="Surefire test" time="18.033" errors="0" timestamp="2025-10-25T04:16:15 IST">
  <testcase classname="com.automation.tests.SampleLoginTestTest" name="testSampleLoginTest" time="12.294">
    <failure type="com.microsoft.playwright.TimeoutError" message="Error {
  message=&amp;apos;Timeout 5000ms exceeded.
  name=&amp;apos;TimeoutError
  stack=&amp;apos;TimeoutError: Timeout 5000ms exceeded.
    at ProgressController.run (C:\Users\193704\AppData\Local\Temp\playwright-java-4598477838628068337\package\lib\server\progress.js:68:28)
    at FrameDispatcher._runCommand (C:\Users\193704\AppData\Local\Temp\playwright-java-4598477838628068337\package\lib\server\dispatchers\dispatcher.js:95:31)
    at DispatcherConnection.dispatch (C:\Users\193704\AppData\Local\Temp\playwright-java-4598477838628068337\package\lib\server\dispatchers\dispatcher.js:329:39)
}
Call log:
-   - waiting for locator(&amp;quot;img[alt*=\&amp;quot;Google\&amp;quot;], img[alt*=\&amp;quot;logo\&amp;quot;]&amp;quot;).first() to be visible
">
      <![CDATA[com.microsoft.playwright.TimeoutError: Error {
  message='Timeout 5000ms exceeded.
  name='TimeoutError
  stack='TimeoutError: Timeout 5000ms exceeded.
    at ProgressController.run (C:\Users\193704\AppData\Local\Temp\playwright-java-4598477838628068337\package\lib\server\progress.js:68:28)
    at FrameDispatcher._runCommand (C:\Users\193704\AppData\Local\Temp\playwright-java-4598477838628068337\package\lib\server\dispatchers\dispatcher.js:95:31)
    at DispatcherConnection.dispatch (C:\Users\193704\AppData\Local\Temp\playwright-java-4598477838628068337\package\lib\server\dispatchers\dispatcher.js:329:39)
}
Call log:
-   - waiting for locator("img[alt*=\"Google\"], img[alt*=\"logo\"]").first() to be visible

at com.microsoft.playwright.impl.WaitableResult.get(WaitableResult.java:52)
at com.microsoft.playwright.impl.ChannelOwner.runUntil(ChannelOwner.java:138)
at com.microsoft.playwright.impl.Connection.sendMessage(Connection.java:131)
at com.microsoft.playwright.impl.ChannelOwner.sendMessage(ChannelOwner.java:124)
at com.microsoft.playwright.impl.FrameImpl.waitForSelectorImpl(FrameImpl.java:985)
at com.microsoft.playwright.impl.LocatorImpl.waitFor(LocatorImpl.java:625)
at com.automation.pages.SampleLoginTestPage.step3(SampleLoginTestPage.java:26)
at com.automation.tests.SampleLoginTestTest.testSampleLoginTest(SampleLoginTestTest.java:21)
at java.base/java.util.ArrayList.forEach(ArrayList.java:1596)
Caused by: com.microsoft.playwright.TimeoutError: Error {
  message='Timeout 5000ms exceeded.
  name='TimeoutError
  stack='TimeoutError: Timeout 5000ms exceeded.
    at ProgressController.run (C:\Users\193704\AppData\Local\Temp\playwright-java-4598477838628068337\package\lib\server\progress.js:68:28)
    at FrameDispatcher._runCommand (C:\Users\193704\AppData\Local\Temp\playwright-java-4598477838628068337\package\lib\server\dispatchers\dispatcher.js:95:31)
    at DispatcherConnection.dispatch (C:\Users\193704\AppData\Local\Temp\playwright-java-4598477838628068337\package\lib\server\dispatchers\dispatcher.js:329:39)
}
Call log:
-   - waiting for locator("img[alt*=\"Google\"], img[alt*=\"logo\"]").first() to be visible

at com.microsoft.playwright.impl.Connection.dispatch(Connection.java:257)
at com.microsoft.playwright.impl.Connection.processOneMessage(Connection.java:214)
at com.microsoft.playwright.impl.ChannelOwner.runUntil(ChannelOwner.java:136)
... 37 more
... Removed 30 stack frames]]>
    </failure>
  </testcase> <!-- testSampleLoginTest -->
</testsuite> <!-- Surefire test -->
